#-----------------------------------------------------------
# Vivado v2020.2 (64-bit)
# SW Build 3064766 on Wed Nov 18 09:12:47 MST 2020
# IP Build 3064653 on Wed Nov 18 14:17:31 MST 2020
# Start of session at: Sat Apr 17 18:03:53 2021
# Process ID: 64927
# Current directory: /home/cris/Desktop/PUF/materials/project
# Command line: vivado
# Log file: /home/cris/Desktop/PUF/materials/project/vivado.log
# Journal file: /home/cris/Desktop/PUF/materials/project/vivado.jou
#-----------------------------------------------------------
start_gui
open_project /home/cris/Desktop/blaze/blaze.xpr
Scanning sources...
Finished scanning sources
INFO: [IP_Flow 19-234] Refreshing IP repositories
INFO: [IP_Flow 19-1704] No user IP repositories specified
INFO: [IP_Flow 19-2313] Loaded Vivado IP repository '/home/cris/tools/Xilinx/Vivado/2020.2/data/ip'.
INFO: [IP_Flow 19-3899] Cannot get the environment domain name variable for the component vendor name. Setting the vendor name to 'user.org'.
open_project: Time (s): cpu = 00:00:15 ; elapsed = 00:00:18 . Memory (MB): peak = 7172.801 ; gain = 43.051 ; free physical = 852 ; free virtual = 5035
update_compile_order -fileset sources_1
export_ip_user_files -of_objects  [get_files /home/cris/Desktop/blaze/blaze.srcs/sources_1/bd/blaze/blaze.bd] -no_script -reset -force -quiet
remove_files  /home/cris/Desktop/blaze/blaze.srcs/sources_1/bd/blaze/blaze.bd
INFO: [Device 21-403] Loading part xc7s50csga324-1
create_ip -name xadc_wiz -vendor xilinx.com -library ip -version 3.3 -module_name xadc_wiz_0
set_property -dict [list CONFIG.INTERFACE_SELECTION {ENABLE_DRP} CONFIG.CHANNEL_AVERAGING {None} CONFIG.ENABLE_RESET {true}] [get_ips xadc_wiz_0]
generate_target {instantiation_template} [get_files /home/cris/Desktop/blaze/blaze.srcs/sources_1/ip/xadc_wiz_0/xadc_wiz_0.xci]
INFO: [IP_Flow 19-1686] Generating 'Instantiation Template' target for IP 'xadc_wiz_0'...
generate_target all [get_files  /home/cris/Desktop/blaze/blaze.srcs/sources_1/ip/xadc_wiz_0/xadc_wiz_0.xci]
INFO: [IP_Flow 19-1686] Generating 'Synthesis' target for IP 'xadc_wiz_0'...
INFO: [IP_Flow 19-1686] Generating 'Simulation' target for IP 'xadc_wiz_0'...
INFO: [IP_Flow 19-1686] Generating 'Miscellaneous' target for IP 'xadc_wiz_0'...
INFO: [IP_Flow 19-1686] Generating 'Change Log' target for IP 'xadc_wiz_0'...
catch { config_ip_cache -export [get_ips -all xadc_wiz_0] }
export_ip_user_files -of_objects [get_files /home/cris/Desktop/blaze/blaze.srcs/sources_1/ip/xadc_wiz_0/xadc_wiz_0.xci] -no_script -sync -force -quiet
create_ip_run [get_files -of_objects [get_fileset sources_1] /home/cris/Desktop/blaze/blaze.srcs/sources_1/ip/xadc_wiz_0/xadc_wiz_0.xci]
launch_runs xadc_wiz_0_synth_1 -jobs 2
[Sat Apr 17 18:30:05 2021] Launched xadc_wiz_0_synth_1...
Run output will be captured here: /home/cris/Desktop/blaze/blaze.runs/xadc_wiz_0_synth_1/runme.log
export_simulation -of_objects [get_files /home/cris/Desktop/blaze/blaze.srcs/sources_1/ip/xadc_wiz_0/xadc_wiz_0.xci] -directory /home/cris/Desktop/blaze/blaze.ip_user_files/sim_scripts -ip_user_files_dir /home/cris/Desktop/blaze/blaze.ip_user_files -ipstatic_source_dir /home/cris/Desktop/blaze/blaze.ip_user_files/ipstatic -lib_map_path [list {modelsim=/home/cris/Desktop/blaze/blaze.cache/compile_simlib/modelsim} {questa=/home/cris/Desktop/blaze/blaze.cache/compile_simlib/questa} {ies=/home/cris/Desktop/blaze/blaze.cache/compile_simlib/ies} {xcelium=/home/cris/Desktop/blaze/blaze.cache/compile_simlib/xcelium} {vcs=/home/cris/Desktop/blaze/blaze.cache/compile_simlib/vcs} {riviera=/home/cris/Desktop/blaze/blaze.cache/compile_simlib/riviera}] -use_ip_compiled_libs -force -quiet
create_bd_design "design_1"
Wrote  : </home/cris/Desktop/blaze/blaze.srcs/sources_1/bd/design_1/design_1.bd> 
create_bd_design: Time (s): cpu = 00:00:04 ; elapsed = 00:00:08 . Memory (MB): peak = 7328.812 ; gain = 23.145 ; free physical = 580 ; free virtual = 4011
export_ip_user_files -of_objects  [get_files /home/cris/Desktop/blaze/blaze.srcs/sources_1/ip/xadc_wiz_0/xadc_wiz_0.xci] -no_script -reset -force -quiet
remove_files  -fileset xadc_wiz_0 /home/cris/Desktop/blaze/blaze.srcs/sources_1/ip/xadc_wiz_0/xadc_wiz_0.xci
INFO: [Project 1-386] Moving file '/home/cris/Desktop/blaze/blaze.srcs/sources_1/ip/xadc_wiz_0/xadc_wiz_0.xci' from fileset 'xadc_wiz_0' to fileset 'sources_1'.
startgroup
create_bd_cell -type ip -vlnv xilinx.com:ip:xadc_wiz:3.3 xadc_wiz_0
endgroup
set_property -dict [list CONFIG.INTERFACE_SELECTION {ENABLE_DRP} CONFIG.XADC_STARUP_SELECTION {channel_sequencer} CONFIG.OT_ALARM {false} CONFIG.USER_TEMP_ALARM {false} CONFIG.VCCINT_ALARM {false} CONFIG.VCCAUX_ALARM {false} CONFIG.CHANNEL_ENABLE_VP_VN {false} CONFIG.CHANNEL_ENABLE_VAUXP0_VAUXN0 {true} CONFIG.SEQUENCER_MODE {Continuous} CONFIG.ENABLE_RESET {true} CONFIG.EXTERNAL_MUX_CHANNEL {VP_VN} CONFIG.SINGLE_CHANNEL_SELECTION {TEMPERATURE}] [get_bd_cells xadc_wiz_0]
create_ip -name xadc_wiz -vendor xilinx.com -library ip -version 3.3 -module_name xadc_wiz_0
set_property -dict [list CONFIG.OT_ALARM {false} CONFIG.USER_TEMP_ALARM {false} CONFIG.VCCINT_ALARM {false} CONFIG.VCCAUX_ALARM {false} CONFIG.SINGLE_CHANNEL_SELECTION {VAUXP0_VAUXN0}] [get_ips xadc_wiz_0]
generate_target {instantiation_template} [get_files /home/cris/Desktop/blaze/blaze.srcs/sources_1/ip/xadc_wiz_0_1/xadc_wiz_0.xci]
INFO: [IP_Flow 19-1686] Generating 'Instantiation Template' target for IP 'xadc_wiz_0'...
update_compile_order -fileset sources_1
generate_target all [get_files  /home/cris/Desktop/blaze/blaze.srcs/sources_1/ip/xadc_wiz_0_1/xadc_wiz_0.xci]
INFO: [IP_Flow 19-1686] Generating 'Synthesis' target for IP 'xadc_wiz_0'...
INFO: [IP_Flow 19-1686] Generating 'Simulation' target for IP 'xadc_wiz_0'...
INFO: [IP_Flow 19-1686] Generating 'Miscellaneous' target for IP 'xadc_wiz_0'...
INFO: [IP_Flow 19-1686] Generating 'Change Log' target for IP 'xadc_wiz_0'...
catch { config_ip_cache -export [get_ips -all xadc_wiz_0] }
export_ip_user_files -of_objects [get_files /home/cris/Desktop/blaze/blaze.srcs/sources_1/ip/xadc_wiz_0_1/xadc_wiz_0.xci] -no_script -sync -force -quiet
create_ip_run [get_files -of_objects [get_fileset sources_1] /home/cris/Desktop/blaze/blaze.srcs/sources_1/ip/xadc_wiz_0_1/xadc_wiz_0.xci]
launch_runs xadc_wiz_0_synth_1 -jobs 2
[Sat Apr 17 18:48:37 2021] Launched xadc_wiz_0_synth_1...
Run output will be captured here: /home/cris/Desktop/blaze/blaze.runs/xadc_wiz_0_synth_1/runme.log
export_simulation -of_objects [get_files /home/cris/Desktop/blaze/blaze.srcs/sources_1/ip/xadc_wiz_0_1/xadc_wiz_0.xci] -directory /home/cris/Desktop/blaze/blaze.ip_user_files/sim_scripts -ip_user_files_dir /home/cris/Desktop/blaze/blaze.ip_user_files -ipstatic_source_dir /home/cris/Desktop/blaze/blaze.ip_user_files/ipstatic -lib_map_path [list {modelsim=/home/cris/Desktop/blaze/blaze.cache/compile_simlib/modelsim} {questa=/home/cris/Desktop/blaze/blaze.cache/compile_simlib/questa} {ies=/home/cris/Desktop/blaze/blaze.cache/compile_simlib/ies} {xcelium=/home/cris/Desktop/blaze/blaze.cache/compile_simlib/xcelium} {vcs=/home/cris/Desktop/blaze/blaze.cache/compile_simlib/vcs} {riviera=/home/cris/Desktop/blaze/blaze.cache/compile_simlib/riviera}] -use_ip_compiled_libs -force -quiet
export_ip_user_files -of_objects  [get_files /home/cris/Desktop/blaze/blaze.srcs/sources_1/bd/design_1/design_1.bd] -no_script -reset -force -quiet
remove_files  /home/cris/Desktop/blaze/blaze.srcs/sources_1/bd/design_1/design_1.bd
Wrote  : </home/cris/Desktop/blaze/blaze.srcs/sources_1/bd/design_1/ui/bd_1f5defd0.ui> 
reset_run xadc_wiz_0_synth_1
exit
INFO: [Common 17-206] Exiting Vivado at Sat Apr 17 18:49:55 2021...
